#
# A fatal error has been detected by the Java Runtime Environment:
#
#  SIGSEGV (0xb) at pc=0x0000000127f0c4cc, pid=7608, tid=44839
#
# JRE version: Java(TM) SE Runtime Environment (8.0_25-b17) (build 1.8.0_25-b17)
# Java VM: Java HotSpot(TM) 64-Bit Server VM (25.25-b02 mixed mode bsd-amd64 compressed oops)
# Problematic frame:
# C  [libawt_lwawt.dylib+0x1b4cc]  OGLSD_SetScratchSurface+0x33
#
# Failed to write core dump. Core dumps have been disabled. To enable core dumping, try "ulimit -c unlimited" before starting Java again
#
# If you would like to submit a bug report, please visit:
#   http://bugreport.sun.com/bugreport/crash.jsp
# The crash happened outside the Java Virtual Machine in native code.
# See problematic frame for where to report the bug.
#

---------------  T H R E A D  ---------------

Current thread (0x00007fc2c40ff000):  JavaThread "Java2D Queue Flusher" daemon [_thread_in_native, id=44839, stack(0x000000012beb0000,0x000000012bfb0000)]

siginfo: si_signo: 11 (SIGSEGV), si_code: 1 (SEGV_MAPERR), si_addr: 0xffffffffffffffff

Registers:
RAX=0x00000000ffffffff, RBX=0x00007fc2c40ff1e8, RCX=0x0000000000000047, RDX=0x0000000127f2cad0
RSP=0x000000012bfaf750, RBP=0x000000012bfaf770, RSI=0x00007fc2c3f5a380, RDI=0x00007fc2c40ff1e8
R8 =0x000000012bfaf630, R9 =0x0000000000000060, R10=0x000000010a433038, R11=0x0000000000000020
R12=0x0000000000000000, R13=0x000000010a6d01d0, R14=0xffffffffffffffff, R15=0x00007fc2c40ff000
RIP=0x0000000127f0c4cc, EFLAGS=0x0000000000010202, ERR=0x0000000000000004
  TRAPNO=0x000000000000000e

Top of Stack: (sp=0x000000012bfaf750)
0x000000012bfaf750:   00007fc2c3f5a380 0000000000000000
0x000000012bfaf760:   00007fc2c60c5810 00007fc2c40ff000
0x000000012bfaf770:   000000012bfaf7f0 0000000127f2c5ae
0x000000012bfaf780:   00007fc2c40ff000 00007fc2c3d5b518
0x000000012bfaf790:   000000012bfaf7c0 0000000109704e98
0x000000012bfaf7a0:   0000000000000064 0000000000000000
0x000000012bfaf7b0:   0000000000000064 00007fc2c60c5820
0x000000012bfaf7c0:   0000000100faf820 00007fc2c40ff1e8
0x000000012bfaf7d0:   000000076eb16448 0000000000000000
0x000000012bfaf7e0:   000000012bfaf968 00007fc2c40ff000
0x000000012bfaf7f0:   000000012bfaf840 000000010a4330aa
0x000000012bfaf800:   000000076eb16448 0000000000000118
0x000000012bfaf810:   000000012bfaf968 00007fc2c40ff000
0x000000012bfaf820:   000000012bfaf870 000000010a3fff28
0x000000012bfaf830:   000000076eb20000 000000012bfaf860
0x000000012bfaf840:   000000076eb16448 000000010a5dee90
0x000000012bfaf850:   00007fc2c584c7c0 000000010a404c58
0x000000012bfaf860:   000000012bfaf968 0000000000000246
0x000000012bfaf870:   000000012bfaf9d0 000000010a6d0f3c
0x000000012bfaf880:   000000012bfaf8f0 000000010a23d7d8
0x000000012bfaf890:   000000010a224310 0000000100000000
0x000000012bfaf8a0:   000000012bfaf940 000000012bfaf8f0
0x000000012bfaf8b0:   00000000000000db 0000000000000000
0x000000012bfaf8c0:   000000012bfaf968 00007fc2c40ff000
0x000000012bfaf8d0:   000000012bfaf940 000000010a23d80c
0x000000012bfaf8e0:   0000000100000000 000000076b0cc6b8
0x000000012bfaf8f0:   000000076eb20000 0000000700000000
0x000000012bfaf900:   000000012bfaf8f0 000000010a6d01d0
0x000000012bfaf910:   000000012bfaf968 00000001237d65f8
0x000000012bfaf920:   0000000000000001 000000076eb20000
0x000000012bfaf930:   0000000000000000 000000012bfaf968
0x000000012bfaf940:   000000012bfaf9d0 000000010a21f4e7 

Instructions: (pc=0x0000000127f0c4cc)
0x0000000127f0c4ac:   00 00 48 8d 15 40 72 03 00 30 c0 be 01 00 00 00
0x0000000127f0c4bc:   e8 1b 9b 02 00 31 c0 eb 6d 48 89 fb 4c 8b 76 10
0x0000000127f0c4cc:   4d 8b 3e 30 c0 e8 f8 9f 02 00 49 8b 3f 49 89 c4
0x0000000127f0c4dc:   48 8b 35 3d f0 05 00 30 c0 e8 1c a1 02 00 48 85 

Register to memory mapping:

RAX=0x00000000ffffffff is an unknown value
RBX=0x00007fc2c40ff1e8 is an unknown value
RCX=0x0000000000000047 is an unknown value
RDX=0x0000000127f2cad0: Java_sun_java2d_opengl_OGLRenderQueue_flushBuffer+0xb5c in /Library/Java/JavaVirtualMachines/jdk1.8.0_25.jdk/Contents/Home/jre/lib/libawt_lwawt.dylib at 0x0000000127ef1000
RSP=0x000000012bfaf750 is pointing into the stack for thread: 0x00007fc2c40ff000
RBP=0x000000012bfaf770 is pointing into the stack for thread: 0x00007fc2c40ff000
RSI=0x00007fc2c3f5a380 is an unknown value
RDI=0x00007fc2c40ff1e8 is an unknown value
R8 =0x000000012bfaf630 is pointing into the stack for thread: 0x00007fc2c40ff000
R9 =0x0000000000000060 is an unknown value
R10=0x000000010a433038 is at entry_point+56 in (nmethod*)0x000000010a432e90
R11=0x0000000000000020 is an unknown value
R12=0x0000000000000000 is an unknown value
R13=0x000000010a6d01d0 is at entry_point+-944 in (nmethod*)0x000000010a6d01d0
R14=0xffffffffffffffff is an unknown value
R15=0x00007fc2c40ff000 is a thread


Stack: [0x000000012beb0000,0x000000012bfb0000],  sp=0x000000012bfaf750,  free space=1021k
Native frames: (J=compiled Java code, j=interpreted, Vv=VM code, C=native code)
C  [libawt_lwawt.dylib+0x1b4cc]  OGLSD_SetScratchSurface+0x33
C  [libawt_lwawt.dylib+0x3b5ae]  Java_sun_java2d_opengl_OGLRenderQueue_flushBuffer+0x63a
J 513  sun.java2d.opengl.OGLRenderQueue.flushBuffer(JI)V (0 bytes) @ 0x000000010a4330aa [0x000000010a433000+0xaa]
J 1030 C2 sun.java2d.opengl.OGLRenderQueue.flushBuffer()V (41 bytes) @ 0x000000010a5dee90 [0x000000010a5dee40+0x50]

Java frames: (J=compiled Java code, j=interpreted, Vv=VM code)
J 513  sun.java2d.opengl.OGLRenderQueue.flushBuffer(JI)V (0 bytes) @ 0x000000010a433038 [0x000000010a433000+0x38]
J 1030 C2 sun.java2d.opengl.OGLRenderQueue.flushBuffer()V (41 bytes) @ 0x000000010a5dee90 [0x000000010a5dee40+0x50]
J 1194% C1 sun.java2d.opengl.OGLRenderQueue$QueueFlusher.run()V (234 bytes) @ 0x000000010a6d0f3c [0x000000010a6d0580+0x9bc]
v  ~StubRoutines::call_stub

---------------  P R O C E S S  ---------------

Java Threads: ( => current thread )
  0x00007fc2c6119000 JavaThread "DestroyJavaVM" [_thread_blocked, id=4867, stack(0x000000010a11d000,0x000000010a21d000)]
  0x00007fc2c60f3000 JavaThread "Thread-0" [_thread_blocked, id=57363, stack(0x000000012e210000,0x000000012e310000)]
  0x00007fc2c5147800 JavaThread "AWT-EventQueue-0" [_thread_blocked, id=56835, stack(0x000000012dc29000,0x000000012dd29000)]
  0x00007fc2c41c1000 JavaThread "Java2D Disposer" daemon [_thread_blocked, id=54295, stack(0x000000012c823000,0x000000012c923000)]
=>0x00007fc2c40ff000 JavaThread "Java2D Queue Flusher" daemon [_thread_in_native, id=44839, stack(0x000000012beb0000,0x000000012bfb0000)]
  0x00007fc2c6828000 JavaThread "AWT-Shutdown" [_thread_blocked, id=30995, stack(0x000000012936a000,0x000000012946a000)]
  0x00007fc2c6824000 JavaThread "AppKit Thread" daemon [_thread_in_native, id=1811, stack(0x00007fff5737f000,0x00007fff57b7f000)]
  0x00007fc2c608d800 JavaThread "Service Thread" daemon [_thread_blocked, id=20739, stack(0x0000000127b38000,0x0000000127c38000)]
  0x00007fc2c500c800 JavaThread "C1 CompilerThread3" daemon [_thread_blocked, id=20227, stack(0x0000000127a35000,0x0000000127b35000)]
  0x00007fc2c6801000 JavaThread "C2 CompilerThread2" daemon [_thread_blocked, id=19715, stack(0x0000000127932000,0x0000000127a32000)]
  0x00007fc2c500b800 JavaThread "C2 CompilerThread1" daemon [_thread_blocked, id=19203, stack(0x000000012782f000,0x000000012792f000)]
  0x00007fc2c6074800 JavaThread "C2 CompilerThread0" daemon [_thread_blocked, id=18691, stack(0x000000012772c000,0x000000012782c000)]
  0x00007fc2c6081000 JavaThread "Signal Dispatcher" daemon [_thread_blocked, id=18443, stack(0x0000000127629000,0x0000000127729000)]
  0x00007fc2c5006000 JavaThread "Finalizer" daemon [_thread_blocked, id=13571, stack(0x0000000125cf0000,0x0000000125df0000)]
  0x00007fc2c5005000 JavaThread "Reference Handler" daemon [_thread_blocked, id=13059, stack(0x0000000125bed000,0x0000000125ced000)]

Other Threads:
  0x00007fc2c604f800 VMThread [stack: 0x0000000125aea000,0x0000000125bea000] [id=12547]
  0x00007fc2c6082000 WatcherThread [stack: 0x0000000127c3b000,0x0000000127d3b000] [id=21251]

VM state:not at safepoint (normal execution)

VM Mutex/Monitor currently owned by a thread: None

Heap:
 PSYoungGen      total 76288K, used 4816K [0x000000076ab00000, 0x0000000770000000, 0x00000007c0000000)
  eden space 65536K, 4% used [0x000000076ab00000,0x000000076ae04238,0x000000076eb00000)
  from space 10752K, 16% used [0x000000076eb00000,0x000000076ecb0020,0x000000076f580000)
  to   space 10752K, 0% used [0x000000076f580000,0x000000076f580000,0x0000000770000000)
 ParOldGen       total 175104K, used 8K [0x00000006c0000000, 0x00000006cab00000, 0x000000076ab00000)
  object space 175104K, 0% used [0x00000006c0000000,0x00000006c0002000,0x00000006cab00000)
 Metaspace       used 9436K, capacity 9562K, committed 9600K, reserved 1058816K
  class space    used 1097K, capacity 1147K, committed 1152K, reserved 1048576K

Card table byte_map: [0x00000001195df000,0x0000000119de0000] byte_map_base: 0x0000000115fdf000

Marking Bits: (ParMarkBitMap*) 0x0000000109a9d390
 Begin Bits: [0x000000011ab4e000, 0x000000011eb4e000)
 End Bits:   [0x000000011eb4e000, 0x0000000122b4e000)

Polling page: 0x00000001081d8000

CodeCache: size=245760Kb used=4801Kb max_used=4801Kb free=240958Kb
 bounds [0x000000010a21f000, 0x000000010a6df000, 0x000000011921f000]
 total_blobs=1645 nmethods=1181 adapters=378
 compilation: enabled

Compilation events (10 events):
Event: 153.083 Thread 0x00007fc2c6074800 1191 % !   4       Panel.Panel::run @ 49 (720 bytes)
Event: 153.120 Thread 0x00007fc2c6074800 nmethod 1191% 0x000000010a6caa90 code [0x000000010a6caee0, 0x000000010a6cc598]
Event: 155.479 Thread 0x00007fc2c500b800 1192       4       java.awt.geom.AffineTransform::createInverse (569 bytes)
Event: 155.487 Thread 0x00007fc2c500b800 nmethod 1192 0x000000010a6b5050 code [0x000000010a6b52c0, 0x000000010a6b5b90]
Event: 157.812 Thread 0x00007fc2c6801000 1193       4       sun.java2d.pipe.DrawImage::scaleImage (472 bytes)
Event: 157.828 Thread 0x00007fc2c6801000 nmethod 1193 0x000000010a6ce150 code [0x000000010a6ce420, 0x000000010a6cf3c0]
Event: 270.310 Thread 0x00007fc2c500c800 1194 %s!   3       sun.java2d.opengl.OGLRenderQueue$QueueFlusher::run @ 2 (234 bytes)
Event: 270.314 Thread 0x00007fc2c500c800 nmethod 1194% 0x000000010a6d01d0 code [0x000000010a6d0580, 0x000000010a6d2c48]
Event: 274.881 Thread 0x00007fc2c500c800 1195  s!   3       sun.java2d.opengl.OGLRenderQueue$QueueFlusher::run (234 bytes)
Event: 274.884 Thread 0x00007fc2c500c800 nmethod 1195 0x000000010a6d4150 code [0x000000010a6d4500, 0x000000010a6d6ac8]

GC Heap History (2 events):
Event: 278.680 GC heap before
{Heap before GC invocations=1 (full 0):
 PSYoungGen      total 76288K, used 65536K [0x000000076ab00000, 0x0000000770000000, 0x00000007c0000000)
  eden space 65536K, 100% used [0x000000076ab00000,0x000000076eb00000,0x000000076eb00000)
  from space 10752K, 0% used [0x000000076f580000,0x000000076f580000,0x0000000770000000)
  to   space 10752K, 0% used [0x000000076eb00000,0x000000076eb00000,0x000000076f580000)
 ParOldGen       total 175104K, used 0K [0x00000006c0000000, 0x00000006cab00000, 0x000000076ab00000)
  object space 175104K, 0% used [0x00000006c0000000,0x00000006c0000000,0x00000006cab00000)
 Metaspace       used 9435K, capacity 9562K, committed 9600K, reserved 1058816K
  class space    used 1097K, capacity 1147K, committed 1152K, reserved 1048576K
Event: 278.685 GC heap after
Heap after GC invocations=1 (full 0):
 PSYoungGen      total 76288K, used 1728K [0x000000076ab00000, 0x0000000770000000, 0x00000007c0000000)
  eden space 65536K, 0% used [0x000000076ab00000,0x000000076ab00000,0x000000076eb00000)
  from space 10752K, 16% used [0x000000076eb00000,0x000000076ecb0020,0x000000076f580000)
  to   space 10752K, 0% used [0x000000076f580000,0x000000076f580000,0x0000000770000000)
 ParOldGen       total 175104K, used 8K [0x00000006c0000000, 0x00000006cab00000, 0x000000076ab00000)
  object space 175104K, 0% used [0x00000006c0000000,0x00000006c0002000,0x00000006cab00000)
 Metaspace       used 9435K, capacity 9562K, committed 9600K, reserved 1058816K
  class space    used 1097K, capacity 1147K, committed 1152K, reserved 1048576K
}

Deoptimization events (10 events):
Event: 59.197 Thread 0x00007fc2c5147800 Uncommon trap: reason=class_check action=maybe_recompile pc=0x000000010a5d63fc method=sun.java2d.SunGraphics2D.validateCompClip()V @ 32
Event: 59.197 Thread 0x00007fc2c5147800 Uncommon trap: reason=class_check action=maybe_recompile pc=0x000000010a55c088 method=sun.java2d.SunGraphics2D.validateCompClip()V @ 32
Event: 59.197 Thread 0x00007fc2c5147800 Uncommon trap: reason=class_check action=maybe_recompile pc=0x000000010a54f1b8 method=sun.java2d.SunGraphics2D.validateCompClip()V @ 32
Event: 59.197 Thread 0x00007fc2c5147800 Uncommon trap: reason=unreached action=reinterpret pc=0x000000010a5b4878 method=java.awt.Component.getBackground()Ljava/awt/Color; @ 6
Event: 59.199 Thread 0x00007fc2c5147800 Uncommon trap: reason=class_check action=maybe_recompile pc=0x000000010a4fee60 method=sun.java2d.pipe.ValidatePipe.fillRect(Lsun/java2d/SunGraphics2D;IIII)V @ 19
Event: 59.199 Thread 0x00007fc2c5147800 Uncommon trap: reason=class_check action=maybe_recompile pc=0x000000010a4fee60 method=sun.java2d.pipe.ValidatePipe.fillRect(Lsun/java2d/SunGraphics2D;IIII)V @ 19
Event: 59.199 Thread 0x00007fc2c5147800 Uncommon trap: reason=class_check action=maybe_recompile pc=0x000000010a5d63fc method=sun.java2d.SunGraphics2D.validateCompClip()V @ 32
Event: 59.199 Thread 0x00007fc2c5147800 Uncommon trap: reason=class_check action=maybe_recompile pc=0x000000010a4f837c method=sun.java2d.opengl.OGLRenderer.validateContext(Lsun/java2d/SunGraphics2D;)V @ 4
Event: 59.200 Thread 0x00007fc2c5147800 Uncommon trap: reason=class_check action=maybe_recompile pc=0x000000010a4f837c method=sun.java2d.opengl.OGLRenderer.validateContext(Lsun/java2d/SunGraphics2D;)V @ 4
Event: 59.200 Thread 0x00007fc2c5147800 Uncommon trap: reason=class_check action=maybe_recompile pc=0x000000010a54f1b8 method=sun.java2d.SunGraphics2D.validateCompClip()V @ 32

Internal exceptions (10 events):
Event: 0.314 Thread 0x00007fc2c4010800 Exception <a 'java/security/PrivilegedActionException'> (0x000000076b1521b8) thrown at [/HUDSON3/workspace/8-2-build-macosx-x86_64/jdk8u25/1514/hotspot/src/share/vm/prims/jvm.cpp, line 1312]
Event: 0.315 Thread 0x00007fc2c4010800 Exception <a 'java/security/PrivilegedActionException'> (0x000000076b154f60) thrown at [/HUDSON3/workspace/8-2-build-macosx-x86_64/jdk8u25/1514/hotspot/src/share/vm/prims/jvm.cpp, line 1312]
Event: 0.315 Thread 0x00007fc2c4010800 Exception <a 'java/security/PrivilegedActionException'> (0x000000076b158c78) thrown at [/HUDSON3/workspace/8-2-build-macosx-x86_64/jdk8u25/1514/hotspot/src/share/vm/prims/jvm.cpp, line 1312]
Event: 0.316 Thread 0x00007fc2c4010800 Exception <a 'java/security/PrivilegedActionException'> (0x000000076b15af00) thrown at [/HUDSON3/workspace/8-2-build-macosx-x86_64/jdk8u25/1514/hotspot/src/share/vm/prims/jvm.cpp, line 1312]
Event: 0.316 Thread 0x00007fc2c4010800 Exception <a 'java/security/PrivilegedActionException'> (0x000000076b15fd38) thrown at [/HUDSON3/workspace/8-2-build-macosx-x86_64/jdk8u25/1514/hotspot/src/share/vm/prims/jvm.cpp, line 1312]
Event: 0.333 Thread 0x00007fc2c4010800 Exception <a 'java/security/PrivilegedActionException'> (0x000000076b2d2d10) thrown at [/HUDSON3/workspace/8-2-build-macosx-x86_64/jdk8u25/1514/hotspot/src/share/vm/prims/jvm.cpp, line 1312]
Event: 0.333 Thread 0x00007fc2c4010800 Exception <a 'java/security/PrivilegedActionException'> (0x000000076b2d4128) thrown at [/HUDSON3/workspace/8-2-build-macosx-x86_64/jdk8u25/1514/hotspot/src/share/vm/prims/jvm.cpp, line 1312]
Event: 0.339 Thread 0x00007fc2c4010800 Exception <a 'java/security/PrivilegedActionException'> (0x000000076b2e0940) thrown at [/HUDSON3/workspace/8-2-build-macosx-x86_64/jdk8u25/1514/hotspot/src/share/vm/prims/jvm.cpp, line 1312]
Event: 0.340 Thread 0x00007fc2c4010800 Exception <a 'java/security/PrivilegedActionException'> (0x000000076b2e2d98) thrown at [/HUDSON3/workspace/8-2-build-macosx-x86_64/jdk8u25/1514/hotspot/src/share/vm/prims/jvm.cpp, line 1312]
Event: 278.686 Thread 0x00007fc2c5006000 Exception <a 'java/lang/NullPointerException'> (0x000000076ac189b0) thrown at [/HUDSON3/workspace/8-2-build-macosx-x86_64/jdk8u25/1514/hotspot/src/share/vm/interpreter/linkResolver.cpp, line 1178]

Events (10 events):
Event: 166.131 Thread 0x00007fc2c60f3000 DEOPT PACKING pc=0x000000010a65a093 sp=0x000000012e30f7e0
Event: 166.131 Thread 0x00007fc2c60f3000 DEOPT UNPACKING pc=0x000000010a266373 sp=0x000000012e30f5f8 mode 0
Event: 278.680 Executing VM operation: ParallelGCFailedAllocation
Event: 278.685 Executing VM operation: ParallelGCFailedAllocation done
Event: 278.685 Executing VM operation: RevokeBias
Event: 278.686 Executing VM operation: RevokeBias done
Event: 278.686 Executing VM operation: RevokeBias
Event: 278.686 Executing VM operation: RevokeBias done
Event: 278.686 Executing VM operation: RevokeBias
Event: 278.686 Executing VM operation: RevokeBias done


Dynamic libraries:
0x0000000007bee000 	/System/Library/Frameworks/Cocoa.framework/Versions/A/Cocoa
0x0000000007bee000 	/System/Library/Frameworks/Security.framework/Versions/A/Security
0x0000000007bee000 	/System/Library/Frameworks/ApplicationServices.framework/Versions/A/ApplicationServices
0x0000000007bee000 	/usr/lib/libz.1.dylib
0x0000000007bee000 	/usr/lib/libSystem.B.dylib
0x0000000007bee000 	/usr/lib/libobjc.A.dylib
0x0000000007bee000 	/System/Library/Frameworks/CoreFoundation.framework/Versions/A/CoreFoundation
0x0000000007bee000 	/System/Library/Frameworks/Foundation.framework/Versions/C/Foundation
0x0000000007bee000 	/System/Library/Frameworks/AppKit.framework/Versions/C/AppKit
0x0000000007bee000 	/System/Library/Frameworks/CoreData.framework/Versions/A/CoreData
0x0000000007bee000 	/System/Library/PrivateFrameworks/RemoteViewServices.framework/Versions/A/RemoteViewServices
0x0000000007bee000 	/System/Library/PrivateFrameworks/UIFoundation.framework/Versions/A/UIFoundation
0x0000000007bee000 	/System/Library/Frameworks/IOSurface.framework/Versions/A/IOSurface
0x0000000007bee000 	/System/Library/Frameworks/AudioToolbox.framework/Versions/A/AudioToolbox
0x0000000007bee000 	/System/Library/Frameworks/AudioUnit.framework/Versions/A/AudioUnit
0x0000000007bee000 	/System/Library/PrivateFrameworks/DataDetectorsCore.framework/Versions/A/DataDetectorsCore
0x0000000007bee000 	/System/Library/PrivateFrameworks/DesktopServicesPriv.framework/Versions/A/DesktopServicesPriv
0x0000000007bee000 	/System/Library/Frameworks/Carbon.framework/Versions/A/Frameworks/HIToolbox.framework/Versions/A/HIToolbox
0x0000000007bee000 	/System/Library/Frameworks/QuartzCore.framework/Versions/A/QuartzCore
0x0000000007bee000 	/System/Library/Frameworks/Carbon.framework/Versions/A/Frameworks/SpeechRecognition.framework/Versions/A/SpeechRecognition
0x0000000007bee000 	/usr/lib/libauto.dylib
0x0000000007bee000 	/usr/lib/libicucore.A.dylib
0x0000000007bee000 	/usr/lib/libxml2.2.dylib
0x0000000007bee000 	/System/Library/PrivateFrameworks/CoreUI.framework/Versions/A/CoreUI
0x0000000007bee000 	/System/Library/Frameworks/CoreAudio.framework/Versions/A/CoreAudio
0x0000000007bee000 	/System/Library/Frameworks/DiskArbitration.framework/Versions/A/DiskArbitration
0x0000000007bee000 	/usr/lib/liblangid.dylib
0x0000000007bee000 	/System/Library/PrivateFrameworks/MultitouchSupport.framework/Versions/A/MultitouchSupport
0x0000000007bee000 	/System/Library/Frameworks/IOKit.framework/Versions/A/IOKit
0x0000000007bee000 	/usr/lib/libDiagnosticMessagesClient.dylib
0x0000000007bee000 	/System/Library/Frameworks/CoreServices.framework/Versions/A/CoreServices
0x0000000007bee000 	/System/Library/PrivateFrameworks/PerformanceAnalysis.framework/Versions/A/PerformanceAnalysis
0x0000000007bee000 	/System/Library/PrivateFrameworks/GenerationalStorage.framework/Versions/A/GenerationalStorage
0x0000000007bee000 	/System/Library/Frameworks/OpenGL.framework/Versions/A/OpenGL
0x0000000007bee000 	/System/Library/PrivateFrameworks/Sharing.framework/Versions/A/Sharing
0x0000000007bee000 	/System/Library/Frameworks/CoreGraphics.framework/Versions/A/CoreGraphics
0x0000000007bee000 	/System/Library/Frameworks/CoreText.framework/Versions/A/CoreText
0x0000000007bee000 	/System/Library/Frameworks/ImageIO.framework/Versions/A/ImageIO
0x0000000007bee000 	/usr/lib/libextension.dylib
0x0000000007bee000 	/System/Library/PrivateFrameworks/Backup.framework/Versions/A/Backup
0x0000000007bee000 	/usr/lib/libarchive.2.dylib
0x0000000007bee000 	/System/Library/Frameworks/CFNetwork.framework/Versions/A/CFNetwork
0x0000000007bee000 	/System/Library/Frameworks/SystemConfiguration.framework/Versions/A/SystemConfiguration
0x0000000007bee000 	/usr/lib/libCRFSuite.dylib
0x0000000007bee000 	/usr/lib/libc++.1.dylib
0x0000000007bee000 	/usr/lib/libc++abi.dylib
0x0000000007bee000 	/usr/lib/system/libcache.dylib
0x0000000007bee000 	/usr/lib/system/libcommonCrypto.dylib
0x0000000007bee000 	/usr/lib/system/libcompiler_rt.dylib
0x0000000007bee000 	/usr/lib/system/libcopyfile.dylib
0x0000000007bee000 	/usr/lib/system/libcorecrypto.dylib
0x0000000007bee000 	/usr/lib/system/libdispatch.dylib
0x0000000007bee000 	/usr/lib/system/libdyld.dylib
0x0000000007bee000 	/usr/lib/system/libkeymgr.dylib
0x0000000007bee000 	/usr/lib/system/liblaunch.dylib
0x0000000007bee000 	/usr/lib/system/libmacho.dylib
0x0000000007bee000 	/usr/lib/system/libquarantine.dylib
0x0000000007bee000 	/usr/lib/system/libremovefile.dylib
0x0000000007bee000 	/usr/lib/system/libsystem_asl.dylib
0x0000000007bee000 	/usr/lib/system/libsystem_blocks.dylib
0x0000000007bee000 	/usr/lib/system/libsystem_c.dylib
0x0000000007bee000 	/usr/lib/system/libsystem_configuration.dylib
0x0000000007bee000 	/usr/lib/system/libsystem_coreservices.dylib
0x0000000007bee000 	/usr/lib/system/libsystem_coretls.dylib
0x0000000007bee000 	/usr/lib/system/libsystem_dnssd.dylib
0x0000000007bee000 	/usr/lib/system/libsystem_info.dylib
0x0000000007bee000 	/usr/lib/system/libsystem_kernel.dylib
0x0000000007bee000 	/usr/lib/system/libsystem_m.dylib
0x0000000007bee000 	/usr/lib/system/libsystem_malloc.dylib
0x0000000007bee000 	/usr/lib/system/libsystem_network.dylib
0x0000000007bee000 	/usr/lib/system/libsystem_networkextension.dylib
0x0000000007bee000 	/usr/lib/system/libsystem_notify.dylib
0x0000000007bee000 	/usr/lib/system/libsystem_platform.dylib
0x0000000007bee000 	/usr/lib/system/libsystem_pthread.dylib
0x0000000007bee000 	/usr/lib/system/libsystem_sandbox.dylib
0x0000000007bee000 	/usr/lib/system/libsystem_secinit.dylib
0x0000000007bee000 	/usr/lib/system/libsystem_stats.dylib
0x0000000007bee000 	/usr/lib/system/libsystem_trace.dylib
0x0000000007bee000 	/usr/lib/system/libunc.dylib
0x0000000007bee000 	/usr/lib/system/libunwind.dylib
0x0000000007bee000 	/usr/lib/system/libxpc.dylib
0x0000000007bee000 	/usr/lib/libbz2.1.0.dylib
0x0000000007bee000 	/usr/lib/liblzma.5.dylib
0x0000000007bee000 	/usr/lib/libbsm.0.dylib
0x0000000007bee000 	/usr/lib/libsqlite3.dylib
0x0000000007bee000 	/usr/lib/system/libkxld.dylib
0x0000000007bee000 	/usr/lib/libxar.1.dylib
0x0000000007bee000 	/usr/lib/libpam.2.dylib
0x0000000007bee000 	/usr/lib/libOpenScriptingUtil.dylib
0x0000000007bee000 	/System/Library/Frameworks/CoreServices.framework/Versions/A/Frameworks/FSEvents.framework/Versions/A/FSEvents
0x0000000007bee000 	/System/Library/Frameworks/CoreServices.framework/Versions/A/Frameworks/CarbonCore.framework/Versions/A/CarbonCore
0x0000000007bee000 	/System/Library/Frameworks/CoreServices.framework/Versions/A/Frameworks/Metadata.framework/Versions/A/Metadata
0x0000000007bee000 	/System/Library/Frameworks/CoreServices.framework/Versions/A/Frameworks/OSServices.framework/Versions/A/OSServices
0x0000000007bee000 	/System/Library/Frameworks/CoreServices.framework/Versions/A/Frameworks/SearchKit.framework/Versions/A/SearchKit
0x0000000007bee000 	/System/Library/Frameworks/CoreServices.framework/Versions/A/Frameworks/AE.framework/Versions/A/AE
0x0000000007bee000 	/System/Library/Frameworks/CoreServices.framework/Versions/A/Frameworks/LaunchServices.framework/Versions/A/LaunchServices
0x0000000007bee000 	/System/Library/Frameworks/CoreServices.framework/Versions/A/Frameworks/DictionaryServices.framework/Versions/A/DictionaryServices
0x0000000007bee000 	/System/Library/Frameworks/NetFS.framework/Versions/A/NetFS
0x0000000007bee000 	/System/Library/PrivateFrameworks/NetAuth.framework/Versions/A/NetAuth
0x0000000007bee000 	/System/Library/PrivateFrameworks/login.framework/Versions/A/Frameworks/loginsupport.framework/Versions/A/loginsupport
0x0000000007bee000 	/System/Library/PrivateFrameworks/TCC.framework/Versions/A/TCC
0x0000000007bee000 	/usr/lib/libmecabra.dylib
0x0000000007bee000 	/System/Library/PrivateFrameworks/LanguageModeling.framework/Versions/A/LanguageModeling
0x0000000007bee000 	/usr/lib/libcmph.dylib
0x0000000007bee000 	/usr/lib/libiconv.2.dylib
0x0000000007bee000 	/System/Library/Frameworks/OpenDirectory.framework/Versions/A/Frameworks/CFOpenDirectory.framework/Versions/A/CFOpenDirectory
0x0000000007bee000 	/System/Library/Frameworks/ServiceManagement.framework/Versions/A/ServiceManagement
0x0000000007bee000 	/usr/lib/libxslt.1.dylib
0x0000000007bee000 	/System/Library/Frameworks/Carbon.framework/Versions/A/Frameworks/Ink.framework/Versions/A/Ink
0x0000000007bee000 	/System/Library/Frameworks/ApplicationServices.framework/Versions/A/Frameworks/ATS.framework/Versions/A/ATS
0x0000000007bee000 	/System/Library/Frameworks/ApplicationServices.framework/Versions/A/Frameworks/ColorSync.framework/Versions/A/ColorSync
0x0000000007bee000 	/System/Library/Frameworks/ApplicationServices.framework/Versions/A/Frameworks/HIServices.framework/Versions/A/HIServices
0x0000000007bee000 	/System/Library/Frameworks/ApplicationServices.framework/Versions/A/Frameworks/LangAnalysis.framework/Versions/A/LangAnalysis
0x0000000007bee000 	/System/Library/Frameworks/ApplicationServices.framework/Versions/A/Frameworks/PrintCore.framework/Versions/A/PrintCore
0x0000000007bee000 	/System/Library/Frameworks/ApplicationServices.framework/Versions/A/Frameworks/QD.framework/Versions/A/QD
0x0000000007bee000 	/System/Library/Frameworks/ApplicationServices.framework/Versions/A/Frameworks/SpeechSynthesis.framework/Versions/A/SpeechSynthesis
0x0000000007bee000 	/System/Library/Frameworks/Accelerate.framework/Versions/A/Accelerate
0x0000000007bee000 	/System/Library/Frameworks/Accelerate.framework/Versions/A/Frameworks/vImage.framework/Versions/A/vImage
0x0000000007bee000 	/System/Library/Frameworks/Accelerate.framework/Versions/A/Frameworks/vecLib.framework/Versions/A/vecLib
0x0000000007bee000 	/System/Library/Frameworks/Accelerate.framework/Versions/A/Frameworks/vecLib.framework/Versions/A/libvDSP.dylib
0x0000000007bee000 	/System/Library/Frameworks/Accelerate.framework/Versions/A/Frameworks/vecLib.framework/Versions/A/libvMisc.dylib
0x0000000007bee000 	/System/Library/Frameworks/Accelerate.framework/Versions/A/Frameworks/vecLib.framework/Versions/A/libLAPACK.dylib
0x0000000007bee000 	/System/Library/Frameworks/Accelerate.framework/Versions/A/Frameworks/vecLib.framework/Versions/A/libBLAS.dylib
0x0000000007bee000 	/System/Library/Frameworks/Accelerate.framework/Versions/A/Frameworks/vecLib.framework/Versions/A/libLinearAlgebra.dylib
0x0000000007bee000 	/System/Library/Frameworks/ApplicationServices.framework/Versions/A/Frameworks/ATS.framework/Versions/A/Resources/libFontParser.dylib
0x0000000007bee000 	/System/Library/Frameworks/ApplicationServices.framework/Versions/A/Frameworks/ATS.framework/Versions/A/Resources/libFontRegistry.dylib
0x0000000007bee000 	/System/Library/PrivateFrameworks/AppleVPA.framework/Versions/A/AppleVPA
0x0000000007bee000 	/System/Library/PrivateFrameworks/AppleJPEG.framework/Versions/A/AppleJPEG
0x0000000007bee000 	/System/Library/Frameworks/ImageIO.framework/Versions/A/Resources/libJPEG.dylib
0x0000000007bee000 	/System/Library/Frameworks/ImageIO.framework/Versions/A/Resources/libTIFF.dylib
0x0000000007bee000 	/System/Library/Frameworks/ImageIO.framework/Versions/A/Resources/libPng.dylib
0x0000000007bee000 	/System/Library/Frameworks/ImageIO.framework/Versions/A/Resources/libGIF.dylib
0x0000000007bee000 	/System/Library/Frameworks/ImageIO.framework/Versions/A/Resources/libJP2.dylib
0x0000000007bee000 	/System/Library/Frameworks/ImageIO.framework/Versions/A/Resources/libRadiance.dylib
0x0000000007bee000 	/System/Library/Frameworks/CoreVideo.framework/Versions/A/CoreVideo
0x0000000007bee000 	/System/Library/Frameworks/OpenGL.framework/Versions/A/Libraries/libGLU.dylib
0x0000000007bee000 	/System/Library/Frameworks/OpenGL.framework/Versions/A/Libraries/libGFXShared.dylib
0x0000000007bee000 	/System/Library/Frameworks/OpenGL.framework/Versions/A/Libraries/libGL.dylib
0x0000000007bee000 	/System/Library/Frameworks/OpenGL.framework/Versions/A/Libraries/libGLImage.dylib
0x0000000007bee000 	/System/Library/Frameworks/OpenGL.framework/Versions/A/Libraries/libCVMSPluginSupport.dylib
0x0000000007bee000 	/System/Library/Frameworks/OpenGL.framework/Versions/A/Libraries/libCoreVMClient.dylib
0x0000000007bee000 	/usr/lib/libcups.2.dylib
0x0000000007bee000 	/System/Library/Frameworks/Kerberos.framework/Versions/A/Kerberos
0x0000000007bee000 	/System/Library/Frameworks/GSS.framework/Versions/A/GSS
0x0000000007bee000 	/usr/lib/libresolv.9.dylib
0x0000000007bee000 	/System/Library/PrivateFrameworks/Heimdal.framework/Versions/A/Heimdal
0x0000000007bee000 	/usr/lib/libheimdal-asn1.dylib
0x0000000007bee000 	/System/Library/Frameworks/OpenDirectory.framework/Versions/A/OpenDirectory
0x0000000007bee000 	/System/Library/PrivateFrameworks/CommonAuth.framework/Versions/A/CommonAuth
0x0000000007bee000 	/System/Library/Frameworks/SecurityFoundation.framework/Versions/A/SecurityFoundation
0x0000000007bee000 	/System/Library/Frameworks/QuartzCore.framework/Versions/A/Frameworks/CoreImage.framework/Versions/A/CoreImage
0x0000000007bee000 	/System/Library/PrivateFrameworks/CrashReporterSupport.framework/Versions/A/CrashReporterSupport
0x0000000007bee000 	/System/Library/Frameworks/OpenCL.framework/Versions/A/OpenCL
0x0000000007bee000 	/System/Library/PrivateFrameworks/FaceCore.framework/Versions/A/FaceCore
0x0000000007bee000 	/System/Library/PrivateFrameworks/Ubiquity.framework/Versions/A/Ubiquity
0x0000000007bee000 	/System/Library/PrivateFrameworks/IconServices.framework/Versions/A/IconServices
0x0000000007bee000 	/System/Library/PrivateFrameworks/ChunkingLibrary.framework/Versions/A/ChunkingLibrary
0x0000000007bee000 	/System/Library/PrivateFrameworks/Apple80211.framework/Versions/A/Apple80211
0x0000000007bee000 	/System/Library/Frameworks/CoreWLAN.framework/Versions/A/CoreWLAN
0x0000000007bee000 	/System/Library/Frameworks/IOBluetooth.framework/Versions/A/IOBluetooth
0x0000000007bee000 	/System/Library/PrivateFrameworks/CoreWiFi.framework/Versions/A/CoreWiFi
0x0000000007bee000 	/System/Library/Frameworks/CoreBluetooth.framework/Versions/A/CoreBluetooth
0x0000000007bee000 	/System/Library/PrivateFrameworks/DebugSymbols.framework/Versions/A/DebugSymbols
0x0000000007bee000 	/System/Library/PrivateFrameworks/CoreSymbolication.framework/Versions/A/CoreSymbolication
0x0000000007bee000 	/System/Library/PrivateFrameworks/Symbolication.framework/Versions/A/Symbolication
0x0000000007bee000 	/System/Library/PrivateFrameworks/SpeechRecognitionCore.framework/Versions/A/SpeechRecognitionCore
0x0000000109200000 	/Library/Java/JavaVirtualMachines/jdk1.8.0_25.jdk/Contents/Home/jre/lib/server/libjvm.dylib
0x0000000007bee000 	/usr/lib/libstdc++.6.dylib
0x0000000108196000 	/Library/Java/JavaVirtualMachines/jdk1.8.0_25.jdk/Contents/Home/jre/lib/libverify.dylib
0x00000001081a4000 	/Library/Java/JavaVirtualMachines/jdk1.8.0_25.jdk/Contents/Home/jre/lib/libjava.dylib
0x00000001081e2000 	/Library/Java/JavaVirtualMachines/jdk1.8.0_25.jdk/Contents/Home/jre/lib/libzip.dylib
0x0000000125df2000 	/System/Library/Frameworks/JavaVM.framework/Frameworks/JavaRuntimeSupport.framework/JavaRuntimeSupport
0x0000000125e0a000 	/System/Library/Frameworks/JavaVM.framework/Versions/A/Frameworks/JavaNativeFoundation.framework/Versions/A/JavaNativeFoundation
0x00000001081ec000 	/System/Library/Frameworks/JavaVM.framework/Versions/A/JavaVM
0x0000000007bee000 	/System/Library/Frameworks/Carbon.framework/Versions/A/Carbon
0x0000000125e1f000 	/System/Library/PrivateFrameworks/JavaLaunching.framework/Versions/A/JavaLaunching
0x0000000007bee000 	/System/Library/Frameworks/Carbon.framework/Versions/A/Frameworks/CommonPanels.framework/Versions/A/CommonPanels
0x0000000007bee000 	/System/Library/Frameworks/Carbon.framework/Versions/A/Frameworks/Help.framework/Versions/A/Help
0x0000000007bee000 	/System/Library/Frameworks/Carbon.framework/Versions/A/Frameworks/ImageCapture.framework/Versions/A/ImageCapture
0x0000000007bee000 	/System/Library/Frameworks/Carbon.framework/Versions/A/Frameworks/OpenScripting.framework/Versions/A/OpenScripting
0x0000000007bee000 	/System/Library/Frameworks/Carbon.framework/Versions/A/Frameworks/Print.framework/Versions/A/Print
0x0000000007bee000 	/System/Library/Frameworks/Carbon.framework/Versions/A/Frameworks/SecurityHI.framework/Versions/A/SecurityHI
0x0000000127d76000 	/Library/Java/JavaVirtualMachines/jdk1.8.0_25.jdk/Contents/Home/jre/lib/libawt.dylib
0x0000000127e25000 	/Library/Java/JavaVirtualMachines/jdk1.8.0_25.jdk/Contents/Home/jre/lib/./libmlib_image.dylib
0x0000000127ef1000 	/Library/Java/JavaVirtualMachines/jdk1.8.0_25.jdk/Contents/Home/jre/lib/libawt_lwawt.dylib
0x0000000127fa4000 	/Library/Java/JavaVirtualMachines/jdk1.8.0_25.jdk/Contents/Home/jre/lib/./libosxapp.dylib
0x0000000007bee000 	/System/Library/Frameworks/ExceptionHandling.framework/Versions/A/ExceptionHandling
0x0000000007bee000 	/System/Library/PrivateFrameworks/CoreServicesInternal.framework/Versions/A/CoreServicesInternal
0x0000000007bee000 	/System/Library/PrivateFrameworks/CloudDocs.framework/Versions/A/CloudDocs
0x0000000007bee000 	/System/Library/PrivateFrameworks/CoreDuet.framework/Versions/A/CoreDuet
0x0000000007bee000 	/System/Library/Frameworks/CloudKit.framework/Versions/A/CloudKit
0x0000000007bee000 	/System/Library/PrivateFrameworks/ProtocolBuffer.framework/Versions/A/ProtocolBuffer
0x0000000007bee000 	/System/Library/PrivateFrameworks/CoreDuetDaemonProtocol.framework/Versions/A/CoreDuetDaemonProtocol
0x0000000007bee000 	/System/Library/PrivateFrameworks/CoreDuetDebugLogging.framework/Versions/A/CoreDuetDebugLogging
0x0000000007bee000 	/System/Library/Frameworks/CoreLocation.framework/Versions/A/CoreLocation
0x0000000007bee000 	/System/Library/Frameworks/Accounts.framework/Versions/A/Accounts
0x0000000007bee000 	/System/Library/PrivateFrameworks/ApplePushService.framework/Versions/A/ApplePushService
0x0000000007bee000 	/System/Library/PrivateFrameworks/GeoServices.framework/Versions/A/GeoServices
0x0000000007bee000 	/System/Library/PrivateFrameworks/OAuth.framework/Versions/A/OAuth
0x0000000007bee000 	/System/Library/PrivateFrameworks/CoreDaemon.framework/Versions/B/CoreDaemon
0x0000000007bee000 	/usr/lib/libcrypto.0.9.8.dylib
0x0000000007bee000 	/System/Library/PrivateFrameworks/AppleSRP.framework/Versions/A/AppleSRP
0x0000000007bee000 	/System/Library/PrivateFrameworks/TrustEvaluationAgent.framework/Versions/A/TrustEvaluationAgent
0x0000000007bee000 	/System/Library/Frameworks/CoreGraphics.framework/Versions/A/Resources/libCGCMS.A.dylib
0x0000000007bee000 	/System/Library/Frameworks/CoreGraphics.framework/Versions/A/Resources/libRIP.A.dylib
0x0000000007bee000 	/System/Library/Frameworks/CoreGraphics.framework/Versions/A/Resources/libCGXType.A.dylib
0x0000000007bee000 	/System/Library/Frameworks/OpenCL.framework/Versions/A/Libraries/libcldcpuengine.dylib
0x0000000007bee000 	/System/Library/PrivateFrameworks/DiskImages.framework/Versions/A/DiskImages
0x0000000007bee000 	/System/Library/Frameworks/DiscRecording.framework/Versions/A/DiscRecording
0x0000000007bee000 	/usr/lib/libcsfde.dylib
0x0000000007bee000 	/usr/lib/libcurl.4.dylib
0x0000000007bee000 	/System/Library/PrivateFrameworks/MediaKit.framework/Versions/A/MediaKit
0x0000000007bee000 	/System/Library/PrivateFrameworks/ProtectedCloudStorage.framework/Versions/A/ProtectedCloudStorage
0x0000000007bee000 	/usr/lib/libCoreStorage.dylib
0x0000000007bee000 	/System/Library/PrivateFrameworks/EFILogin.framework/Versions/A/EFILogin
0x0000000007bee000 	/usr/lib/libutil.dylib
0x0000000007bee000 	/System/Library/PrivateFrameworks/FindMyDevice.framework/Versions/A/FindMyDevice
0x0000000007bee000 	/System/Library/Frameworks/LDAP.framework/Versions/A/LDAP
0x0000000007bee000 	/usr/lib/libsasl2.2.dylib
0x000000012abe4000 	cl_kernels
0x000000012abe6000 	/System/Library/Frameworks/OpenCL.framework/Versions/A/Libraries/ImageFormats/unorm8_bgra.dylib
0x000000012abd5000 	cl_kernels
0x0000000007bee000 	/System/Library/PrivateFrameworks/FamilyControls.framework/Versions/A/FamilyControls
0x0000000007bee000 	/System/Library/PrivateFrameworks/CommerceKit.framework/Versions/A/Frameworks/CommerceCore.framework/Versions/A/CommerceCore
0x0000000007bee000 	/System/Library/PrivateFrameworks/SystemAdministration.framework/Versions/A/SystemAdministration
0x0000000007bee000 	/System/Library/PrivateFrameworks/AppContainer.framework/Versions/A/AppContainer
0x0000000007bee000 	/System/Library/PrivateFrameworks/SecCodeWrapper.framework/Versions/A/SecCodeWrapper
0x0000000007bee000 	/System/Library/Frameworks/DirectoryService.framework/Versions/A/DirectoryService
0x0000000007bee000 	/System/Library/PrivateFrameworks/LoginUIKit.framework/Versions/A/Frameworks/LoginUICore.framework/Versions/A/LoginUICore
0x0000000007bee000 	/usr/lib/libodfde.dylib
0x0000000007bee000 	/System/Library/Frameworks/OpenGL.framework/Versions/A/Resources/GLEngine.bundle/GLEngine
0x0000000007bee000 	/System/Library/Frameworks/OpenGL.framework/Versions/A/Libraries/libGLProgrammability.dylib
0x0000000000000000 	/System/Library/Extensions/AppleIntelHD5000GraphicsGLDriver.bundle/Contents/MacOS/AppleIntelHD5000GraphicsGLDriver
0x0000000007bee000 	/System/Library/PrivateFrameworks/IOAccelerator.framework/Versions/A/IOAccelerator
0x0000000007bee000 	/System/Library/PrivateFrameworks/GPUSupport.framework/Versions/A/Libraries/libGPUSupportMercury.dylib
0x0000000007bee000 	/System/Library/Frameworks/OpenGL.framework/Versions/A/Resources/GLRendererFloat.bundle/GLRendererFloat
0x000000012c925000 	/Library/Java/JavaVirtualMachines/jdk1.8.0_25.jdk/Contents/Home/jre/lib/libfontmanager.dylib
0x000000012c98c000 	/Library/Java/JavaVirtualMachines/jdk1.8.0_25.jdk/Contents/Home/jre/lib/libosxui.dylib
0x000000012c995000 	/Library/Java/JavaVirtualMachines/jdk1.8.0_25.jdk/Contents/Home/jre/lib/libnet.dylib
0x000000012c9f4000 	/Library/Java/JavaVirtualMachines/jdk1.8.0_25.jdk/Contents/Home/jre/lib/libnio.dylib

VM Arguments:
jvm_args: -Dfile.encoding=UTF-8 
java_command: Panel.Frame
java_class_path (initial): /Users/shrenilpatel/Google Drive/projecggt/puzz/bin
Launcher Type: SUN_STANDARD

Environment Variables:
PATH=/usr/bin:/bin:/usr/sbin:/sbin
SHELL=/bin/bash
DISPLAY=/private/tmp/com.apple.launchd.FYpsPLhjhp/org.macosforge.xquartz:0

Signal Handlers:
SIGSEGV: [libjvm.dylib+0x579dc7], sa_mask[0]=11111111011111110111111111111111, sa_flags=SA_ONSTACK|SA_RESTART|SA_SIGINFO
SIGBUS: [libjvm.dylib+0x579dc7], sa_mask[0]=11111111011111110111111111111111, sa_flags=SA_RESTART|SA_SIGINFO
SIGFPE: [libjvm.dylib+0x45b030], sa_mask[0]=11111111011111110111111111111111, sa_flags=SA_RESTART|SA_SIGINFO
SIGPIPE: [libjvm.dylib+0x45b030], sa_mask[0]=11111111011111110111111111111111, sa_flags=SA_RESTART|SA_SIGINFO
SIGXFSZ: [libjvm.dylib+0x45b030], sa_mask[0]=11111111011111110111111111111111, sa_flags=SA_RESTART|SA_SIGINFO
SIGILL: [libjvm.dylib+0x45b030], sa_mask[0]=11111111011111110111111111111111, sa_flags=SA_RESTART|SA_SIGINFO
SIGUSR1: SIG_DFL, sa_mask[0]=00000000000000000000000000000000, sa_flags=none
SIGUSR2: [libjvm.dylib+0x45ab4e], sa_mask[0]=00100000000000000000000000000000, sa_flags=SA_RESTART|SA_SIGINFO
SIGHUP: [libjvm.dylib+0x459121], sa_mask[0]=11111111011111110111111111111111, sa_flags=SA_RESTART|SA_SIGINFO
SIGINT: [libjvm.dylib+0x459121], sa_mask[0]=11111111011111110111111111111111, sa_flags=SA_RESTART|SA_SIGINFO
SIGTERM: [libjvm.dylib+0x459121], sa_mask[0]=11111111011111110111111111111111, sa_flags=SA_RESTART|SA_SIGINFO
SIGQUIT: [libjvm.dylib+0x459121], sa_mask[0]=11111111011111110111111111111111, sa_flags=SA_RESTART|SA_SIGINFO


---------------  S Y S T E M  ---------------

OS:Bsduname:Darwin 14.0.0 Darwin Kernel Version 14.0.0: Fri Sep 19 00:26:44 PDT 2014; root:xnu-2782.1.97~2/RELEASE_X86_64 x86_64
rlimit: STACK 8192k, CORE 0k, NPROC 709, NOFILE 10240, AS infinity
load average:1.85 2.11 1.96

CPU:total 8 (4 cores per cpu, 2 threads per core) family 6 model 70 stepping 1, cmov, cx8, fxsr, mmx, sse, sse2, sse3, ssse3, sse4.1, sse4.2, popcnt, avx, avx2, aes, clmul, erms, lzcnt, ht, tsc, tscinvbit, bmi1, bmi2

Memory: 4k page, physical 16777216k(3028064k free)

/proc/meminfo:


vm_info: Java HotSpot(TM) 64-Bit Server VM (25.25-b02) for bsd-amd64 JRE (1.8.0_25-b17), built on Sep 17 2014 16:56:50 by "java_re" with gcc 4.2.1 (Based on Apple Inc. build 5658) (LLVM build 2336.11.00)

time: Sat Jun 27 16:54:39 2015
elapsed time: 278 seconds (0d 0h 4m 38s)

